<?xml version="1.0" encoding="UTF-8"?>
<testsuite name="common.test.HttpClientTest" tests="1" skipped="0" failures="0" errors="0" timestamp="2016-07-15T02:33:05" hostname="TN-00-50000740" time="0.001">
  <properties/>
  <testcase name="testHttp" classname="common.test.HttpClientTest" time="0.001"/>
  <system-out><![CDATA[]]></system-out>
  <system-err><![CDATA[]]></system-err>
</testsuite>
